<?xml version="1.0" encoding="UTF-8"?>
<testsuite xmlns:xsi="http://www.w3.org/2001/XMLSchema-instance" xsi:schemaLocation="https://maven.apache.org/surefire/maven-surefire-plugin/xsd/surefire-test-report.xsd" name="runner.RunnerTest" time="18.961" tests="130" errors="0" skipped="0" failures="0">
  <properties>
    <property name="idea.version" value="2020.2.3"/>
    <property name="java.runtime.name" value="OpenJDK Runtime Environment"/>
    <property name="sun.boot.library.path" value="C:\Program Files\Zulu\zulu-8\jre\bin"/>
    <property name="java.vm.version" value="25.272-b17"/>
    <property name="jdk.vendor.version" value="Zulu 8.50.0.21-CA-win64"/>
    <property name="java.vm.vendor" value="Azul Systems, Inc."/>
    <property name="maven.multiModuleProjectDirectory" value="C:\Users\Fri.to\Documents\POS-FACULDADE\Automacao_Teste\impacta-integration-testing-dennis"/>
    <property name="java.vendor.url" value="http://www.azulsystems.com/"/>
    <property name="path.separator" value=";"/>
    <property name="guice.disable.misplaced.annotation.check" value="true"/>
    <property name="java.vm.name" value="OpenJDK 64-Bit Server VM"/>
    <property name="file.encoding.pkg" value="sun.io"/>
    <property name="user.script" value=""/>
    <property name="user.country" value="BR"/>
    <property name="sun.java.launcher" value="SUN_STANDARD"/>
    <property name="sun.os.patch.level" value=""/>
    <property name="java.vm.specification.name" value="Java Virtual Machine Specification"/>
    <property name="user.dir" value="C:\Users\Fri.to\Documents\POS-FACULDADE\Automacao_Teste\impacta-integration-testing-dennis"/>
    <property name="java.runtime.version" value="1.8.0_272-b17"/>
    <property name="java.awt.graphicsenv" value="sun.awt.Win32GraphicsEnvironment"/>
    <property name="java.endorsed.dirs" value="C:\Program Files\Zulu\zulu-8\jre\lib\endorsed"/>
    <property name="os.arch" value="amd64"/>
    <property name="java.io.tmpdir" value="C:\Users\Fri.to\AppData\Local\Temp\"/>
    <property name="line.separator" value="&#10;"/>
    <property name="java.vm.specification.vendor" value="Oracle Corporation"/>
    <property name="user.variant" value=""/>
    <property name="os.name" value="Windows 10"/>
    <property name="maven.ext.class.path" value="C:\Program Files\JetBrains\IntelliJ IDEA Community Edition 2020.2.3\plugins\maven\lib\maven-event-listener.jar"/>
    <property name="classworlds.conf" value="C:\Program Files\Apache Maven\bin\m2.conf"/>
    <property name="sun.jnu.encoding" value="Cp1252"/>
    <property name="java.library.path" value="C:\Program Files\Zulu\zulu-8\bin;C:\WINDOWS\Sun\Java\bin;C:\WINDOWS\system32;C:\WINDOWS;C:\Program Files\Zulu\zulu-8\bin\;C:\Program Files (x86)\Common Files\Oracle\Java\javapath;C:\WINDOWS\system32;C:\WINDOWS;C:\WINDOWS\System32\Wbem;C:\WINDOWS\System32\WindowsPowerShell\v1.0\;C:\WINDOWS\System32\OpenSSH\;C:\Program Files\dotnet\;C:\Program Files\Microsoft SQL Server\130\Tools\Binn\;C:\Program Files\Microsoft SQL Server\Client SDK\ODBC\170\Tools\Binn\;C:\Program Files\Microsoft SQL Server\Client SDK\ODBC\110\Tools\Binn\;C:\Program Files (x86)\Microsoft SQL Server\120\Tools\Binn\;C:\Program Files\Microsoft SQL Server\120\Tools\Binn\;C:\Program Files\Microsoft SQL Server\120\DTS\Binn\;C:\Program Files (x86)\Microsoft SQL Server\120\Tools\Binn\ManagementStudio\;C:\Program Files (x86)\Microsoft SQL Server\120\DTS\Binn\;C:\Program Files\Git\cmd;C:\Python27\;C:\Python27\Scripts\;C:\xampp\php;C:\ProgramData\ComposerSetup\bin;C:\Program Files (x86)\dotnet\;C:\Program Files\nodejs\;C:\Program Files\Docker\Docker\resources\bin;C:\ProgramData\DockerDesktop\version-bin;C:\driver\edgedriver_win64\;C:\Program Files\Java\jre1.8.0_271\BIN;C:\Program Files\Apache Maven\BIN;PythonPath;C:\Users\Fri.to\AppData\Roaming\Composer\vendor\bin;C:\Users\Fri.to\AppData\Roaming\npm;C:\Users\Fri.to\AppData\Local\Programs\Microsoft VS Code\bin;C:\driver\edgedriver_win64\;;C:\Users\Fri.to\AppData\Local\Microsoft\WindowsApps;."/>
    <property name="maven.conf" value="C:\Program Files\Apache Maven/conf"/>
    <property name="java.specification.name" value="Java Platform API Specification"/>
    <property name="java.class.version" value="52.0"/>
    <property name="sun.management.compiler" value="HotSpot 64-Bit Tiered Compilers"/>
    <property name="os.version" value="10.0"/>
    <property name="user.home" value="C:\Users\Fri.to"/>
    <property name="user.timezone" value="America/Sao_Paulo"/>
    <property name="java.awt.printerjob" value="sun.awt.windows.WPrinterJob"/>
    <property name="java.specification.version" value="1.8"/>
    <property name="file.encoding" value="UTF-8"/>
    <property name="user.name" value="Fri.to"/>
    <property name="java.class.path" value="C:\Program Files\Apache Maven\boot\plexus-classworlds-2.6.0.jar;C:\Program Files\Apache Maven\boot\plexus-classworlds.license;C:\Program Files\JetBrains\IntelliJ IDEA Community Edition 2020.2.3\lib\idea_rt.jar"/>
    <property name="java.vm.specification.version" value="1.8"/>
    <property name="sun.arch.data.model" value="64"/>
    <property name="java.home" value="C:\Program Files\Zulu\zulu-8\jre"/>
    <property name="sun.java.command" value="org.codehaus.classworlds.Launcher -Didea.version=2020.2.3 verify"/>
    <property name="java.specification.vendor" value="Oracle Corporation"/>
    <property name="user.language" value="pt"/>
    <property name="awt.toolkit" value="sun.awt.windows.WToolkit"/>
    <property name="java.vm.info" value="mixed mode"/>
    <property name="java.version" value="1.8.0_272"/>
    <property name="java.ext.dirs" value="C:\Program Files\Zulu\zulu-8\jre\lib\ext;C:\WINDOWS\Sun\Java\lib\ext"/>
    <property name="sun.boot.class.path" value="C:\Program Files\Zulu\zulu-8\jre\lib\resources.jar;C:\Program Files\Zulu\zulu-8\jre\lib\rt.jar;C:\Program Files\Zulu\zulu-8\jre\lib\sunrsasign.jar;C:\Program Files\Zulu\zulu-8\jre\lib\jsse.jar;C:\Program Files\Zulu\zulu-8\jre\lib\jce.jar;C:\Program Files\Zulu\zulu-8\jre\lib\charsets.jar;C:\Program Files\Zulu\zulu-8\jre\lib\jfr.jar;C:\Program Files\Zulu\zulu-8\jre\classes"/>
    <property name="java.vendor" value="Azul Systems, Inc."/>
    <property name="maven.home" value="C:\Program Files\Apache Maven"/>
    <property name="file.separator" value="\"/>
    <property name="java.vendor.url.bug" value="http://www.azulsystems.com/support/"/>
    <property name="sun.cpu.endian" value="little"/>
    <property name="sun.io.unicode.encoding" value="UnicodeLittle"/>
    <property name="sun.desktop" value="windows"/>
    <property name="sun.cpu.isalist" value="amd64"/>
  </properties>
  <testcase name="Dado que o usuário gostaria de salvar um processo" classname="Cenario: adicionar processo | POST" time="0.003"/>
  <testcase name="E usuário informa vara com o valor igual a &quot;1&quot;" classname="Cenario: adicionar processo | POST" time="0"/>
  <testcase name="E usuário informa numero_processo com o valor igual a &quot;1&quot;" classname="Cenario: adicionar processo | POST" time="0"/>
  <testcase name="E usuário informa natureza  com o valor igual a &quot;Guarda&quot;" classname="Cenario: adicionar processo | POST" time="0"/>
  <testcase name="E usuário informa partes com o valor igual a &quot;Pedro x Livia&quot;" classname="Cenario: adicionar processo | POST" time="0"/>
  <testcase name="E usuário informa urgente com o valor igual a &quot;N&quot;" classname="Cenario: adicionar processo | POST" time="0"/>
  <testcase name="E usuário informa arbitramento com o valor igual a &quot;S&quot;" classname="Cenario: adicionar processo | POST" time="0"/>
  <testcase name="E usuário informa assistente_social com o valor igual a &quot;Lorival&quot;" classname="Cenario: adicionar processo | POST" time="0"/>
  <testcase name="E usuário informa data_entrada  com o valor igual a &quot;12/12/2020&quot;" classname="Cenario: adicionar processo | POST" time="0"/>
  <testcase name="E usuário informa data_saida com o valor igual a &quot;&quot;" classname="Cenario: adicionar processo | POST" time="0.001"/>
  <testcase name="E usuário informa data_agendamento com o valor igual a &quot;&quot;" classname="Cenario: adicionar processo | POST" time="0"/>
  <testcase name="E usuário informa status com o valor igual a &quot;Aguardando&quot;" classname="Cenario: adicionar processo | POST" time="0.001"/>
  <testcase name="E usuário informa observacao com o valor igual a &quot;&quot;" classname="Cenario: adicionar processo | POST" time="0"/>
  <testcase name="Quando usuário clicar no botão de salvar" classname="Cenario: adicionar processo | POST" time="0"/>
  <testcase name="Entao usuário deve ver a mensagem &quot;Usuário salvo com sucesso.&quot;" classname="Cenario: adicionar processo | POST" time="0"/>
  <testcase name="Cenario: adicionar processo | POST" classname="Cenario: adicionar processo | POST" time="0.001"/>
  <testcase name="Dado que o usuário gostaria de salvar um processo" classname="Cenario: mostrar processo | GET" time="0"/>
  <testcase name="E usuário informa vara com o valor igual a &quot;1&quot;" classname="Cenario: mostrar processo | GET" time="0"/>
  <testcase name="E usuário informa numero_processo com o valor igual a &quot;1&quot;" classname="Cenario: mostrar processo | GET" time="0.002"/>
  <testcase name="E usuário informa natureza  com o valor igual a &quot;Guarda&quot;" classname="Cenario: mostrar processo | GET" time="0"/>
  <testcase name="E usuário informa partes com o valor igual a &quot;Pedro x Livia&quot;" classname="Cenario: mostrar processo | GET" time="0"/>
  <testcase name="E usuário informa urgente com o valor igual a &quot;N&quot;" classname="Cenario: mostrar processo | GET" time="0"/>
  <testcase name="E usuário informa arbitramento com o valor igual a &quot;S&quot;" classname="Cenario: mostrar processo | GET" time="0"/>
  <testcase name="E usuário informa assistente_social com o valor igual a &quot;Lorival&quot;" classname="Cenario: mostrar processo | GET" time="0"/>
  <testcase name="E usuário informa data_entrada  com o valor igual a &quot;12/12/2020&quot;" classname="Cenario: mostrar processo | GET" time="0"/>
  <testcase name="E usuário informa data_saida com o valor igual a &quot;&quot;" classname="Cenario: mostrar processo | GET" time="0"/>
  <testcase name="E usuário informa data_agendamento com o valor igual a &quot;&quot;" classname="Cenario: mostrar processo | GET" time="0"/>
  <testcase name="E usuário informa status com o valor igual a &quot;Aguardando&quot;" classname="Cenario: mostrar processo | GET" time="0"/>
  <testcase name="E usuário informa observacao com o valor igual a &quot;&quot;" classname="Cenario: mostrar processo | GET" time="0"/>
  <testcase name="E usuário clicar no botão de salvar" classname="Cenario: mostrar processo | GET" time="0"/>
  <testcase name="Quando o usuário clicar em mostrar" classname="Cenario: mostrar processo | GET" time="0"/>
  <testcase name="Entao usuário deve ver a mensagem &quot;sucesso&quot;" classname="Cenario: mostrar processo | GET" time="0"/>
  <testcase name="Cenario: mostrar processo | GET" classname="Cenario: mostrar processo | GET" time="0"/>
  <testcase name="Dado que o usuário gostaria de salvar um processo" classname="Cenario: atualizar processo | PUT" time="0"/>
  <testcase name="E usuário informa vara com o valor igual a &quot;1&quot;" classname="Cenario: atualizar processo | PUT" time="0"/>
  <testcase name="E usuário informa numero_processo com o valor igual a &quot;1&quot;" classname="Cenario: atualizar processo | PUT" time="0"/>
  <testcase name="E usuário informa natureza  com o valor igual a &quot;Guarda&quot;" classname="Cenario: atualizar processo | PUT" time="0.002"/>
  <testcase name="E usuário informa partes com o valor igual a &quot;Pedro x Livia&quot;" classname="Cenario: atualizar processo | PUT" time="0"/>
  <testcase name="E usuário informa urgente com o valor igual a &quot;N&quot;" classname="Cenario: atualizar processo | PUT" time="0"/>
  <testcase name="E usuário informa arbitramento com o valor igual a &quot;S&quot;" classname="Cenario: atualizar processo | PUT" time="0"/>
  <testcase name="E usuário informa assistente_social com o valor igual a &quot;Lorival&quot;" classname="Cenario: atualizar processo | PUT" time="0"/>
  <testcase name="E usuário informa data_entrada  com o valor igual a &quot;12/12/2020&quot;" classname="Cenario: atualizar processo | PUT" time="0"/>
  <testcase name="E usuário informa data_saida com o valor igual a &quot;&quot;" classname="Cenario: atualizar processo | PUT" time="0"/>
  <testcase name="E usuário informa data_agendamento com o valor igual a &quot;&quot;" classname="Cenario: atualizar processo | PUT" time="0"/>
  <testcase name="E usuário informa status com o valor igual a &quot;Aguardando&quot;" classname="Cenario: atualizar processo | PUT" time="0"/>
  <testcase name="E usuário informa observacao com o valor igual a &quot;&quot;" classname="Cenario: atualizar processo | PUT" time="0"/>
  <testcase name="E usuário clicar no botão de salvar" classname="Cenario: atualizar processo | PUT" time="0"/>
  <testcase name="Quando alterar o campo &quot;assistente_social&quot; para o valor &quot;Merval&quot;" classname="Cenario: atualizar processo | PUT" time="0"/>
  <testcase name="E o usuário clicar em editar" classname="Cenario: atualizar processo | PUT" time="0.001"/>
  <testcase name="Entao usuário deve ver a mensagem &quot;sucesso&quot;" classname="Cenario: atualizar processo | PUT" time="0"/>
  <testcase name="Quando o usuário clicar em mostrar" classname="Cenario: atualizar processo | PUT" time="0"/>
  <testcase name="Entao o usuário visualiza o campo &quot;assistente_social&quot; com o valor &quot;Merval&quot;" classname="Cenario: atualizar processo | PUT" time="0"/>
  <testcase name="Cenario: atualizar processo | PUT" classname="Cenario: atualizar processo | PUT" time="0"/>
  <testcase name="Dado que o usuário gostaria de salvar um processo" classname="Cenario: remover processo | DELETE" time="0"/>
  <testcase name="E usuário informa vara com o valor igual a &quot;1&quot;" classname="Cenario: remover processo | DELETE" time="0.001"/>
  <testcase name="E usuário informa numero_processo com o valor igual a &quot;1&quot;" classname="Cenario: remover processo | DELETE" time="0.001"/>
  <testcase name="E usuário informa natureza  com o valor igual a &quot;Guarda&quot;" classname="Cenario: remover processo | DELETE" time="0"/>
  <testcase name="E usuário informa partes com o valor igual a &quot;Pedro x Livia&quot;" classname="Cenario: remover processo | DELETE" time="0"/>
  <testcase name="E usuário informa urgente com o valor igual a &quot;N&quot;" classname="Cenario: remover processo | DELETE" time="0"/>
  <testcase name="E usuário informa arbitramento com o valor igual a &quot;S&quot;" classname="Cenario: remover processo | DELETE" time="0.001"/>
  <testcase name="E usuário informa assistente_social com o valor igual a &quot;Lorival&quot;" classname="Cenario: remover processo | DELETE" time="0"/>
  <testcase name="E usuário informa data_entrada  com o valor igual a &quot;12/12/2020&quot;" classname="Cenario: remover processo | DELETE" time="0.001"/>
  <testcase name="E usuário informa data_saida com o valor igual a &quot;&quot;" classname="Cenario: remover processo | DELETE" time="0"/>
  <testcase name="E usuário informa data_agendamento com o valor igual a &quot;&quot;" classname="Cenario: remover processo | DELETE" time="0"/>
  <testcase name="E usuário informa status com o valor igual a &quot;Aguardando&quot;" classname="Cenario: remover processo | DELETE" time="0"/>
  <testcase name="E usuário informa observacao com o valor igual a &quot;&quot;" classname="Cenario: remover processo | DELETE" time="0"/>
  <testcase name="E usuário clicar no botão de salvar" classname="Cenario: remover processo | DELETE" time="0"/>
  <testcase name="Quando o usuario clicar em remover" classname="Cenario: remover processo | DELETE" time="0"/>
  <testcase name="Entao o usuario deve ver a mensagem &quot;sem conteúdo&quot;" classname="Cenario: remover processo | DELETE" time="0"/>
  <testcase name="Quando o usuário clicar em mostrar" classname="Cenario: remover processo | DELETE" time="0"/>
  <testcase name="Entao o usuario deve ver a mensagem &quot;não encontrado&quot;" classname="Cenario: remover processo | DELETE" time="0.001"/>
  <testcase name="Cenario: remover processo | DELETE" classname="Cenario: remover processo | DELETE" time="0.001"/>
  <testcase name="Dado que o usuário gostaria de salvar um processo" classname="| 1 | 1 | usucapião | Gilmar X Zaquel | S | S | Maria Isabel | 12/12/2020 | 12/12/2030 |  | Aguardando |  |" time="0"/>
  <testcase name="Dado que o usuário gostaria de salvar um processo" classname="| 1 | 1 | usucapião | Gilmar X Zaquel | S | S | Maria Isabel | 12/12/2020 | 12/12/2030 |  | Aguardando |  |" time="0"/>
  <testcase name="E usuário informa vara com o valor igual a &quot;1&quot;" classname="| 1 | 1 | usucapião | Gilmar X Zaquel | S | S | Maria Isabel | 12/12/2020 | 12/12/2030 |  | Aguardando |  |" time="0"/>
  <testcase name="E usuário informa vara com o valor igual a &quot;1&quot;" classname="| 1 | 1 | usucapião | Gilmar X Zaquel | S | S | Maria Isabel | 12/12/2020 | 12/12/2030 |  | Aguardando |  |" time="0.001"/>
  <testcase name="E usuário informa numero_processo com o valor igual a &quot;1&quot;" classname="| 1 | 1 | usucapião | Gilmar X Zaquel | S | S | Maria Isabel | 12/12/2020 | 12/12/2030 |  | Aguardando |  |" time="0"/>
  <testcase name="E usuário informa numero_processo com o valor igual a &quot;1&quot;" classname="| 1 | 1 | usucapião | Gilmar X Zaquel | S | S | Maria Isabel | 12/12/2020 | 12/12/2030 |  | Aguardando |  |" time="0"/>
  <testcase name="E usuário informa natureza  com o valor igual a &quot;Guarda&quot;" classname="| 1 | 1 | usucapião | Gilmar X Zaquel | S | S | Maria Isabel | 12/12/2020 | 12/12/2030 |  | Aguardando |  |" time="0"/>
  <testcase name="E usuário informa partes com o valor igual a &quot;Pedro x Livia&quot;" classname="| 1 | 1 | usucapião | Gilmar X Zaquel | S | S | Maria Isabel | 12/12/2020 | 12/12/2030 |  | Aguardando |  |" time="0"/>
  <testcase name="E usuário informa urgente com o valor igual a &quot;N&quot;" classname="| 1 | 1 | usucapião | Gilmar X Zaquel | S | S | Maria Isabel | 12/12/2020 | 12/12/2030 |  | Aguardando |  |" time="0"/>
  <testcase name="E usuário informa arbitramento com o valor igual a &quot;S&quot;" classname="| 1 | 1 | usucapião | Gilmar X Zaquel | S | S | Maria Isabel | 12/12/2020 | 12/12/2030 |  | Aguardando |  |" time="0.001"/>
  <testcase name="E usuário informa arbitramento com o valor igual a &quot;S&quot;" classname="| 1 | 1 | usucapião | Gilmar X Zaquel | S | S | Maria Isabel | 12/12/2020 | 12/12/2030 |  | Aguardando |  |" time="0"/>
  <testcase name="E usuário informa assistente_social com o valor igual a &quot;Lorival&quot;" classname="| 1 | 1 | usucapião | Gilmar X Zaquel | S | S | Maria Isabel | 12/12/2020 | 12/12/2030 |  | Aguardando |  |" time="0"/>
  <testcase name="E usuário informa data_entrada  com o valor igual a &quot;12/12/2020&quot;" classname="| 1 | 1 | usucapião | Gilmar X Zaquel | S | S | Maria Isabel | 12/12/2020 | 12/12/2030 |  | Aguardando |  |" time="0"/>
  <testcase name="E usuário informa data_entrada  com o valor igual a &quot;12/12/2020&quot;" classname="| 1 | 1 | usucapião | Gilmar X Zaquel | S | S | Maria Isabel | 12/12/2020 | 12/12/2030 |  | Aguardando |  |" time="0"/>
  <testcase name="E usuário informa data_saida com o valor igual a &quot;&quot;" classname="| 1 | 1 | usucapião | Gilmar X Zaquel | S | S | Maria Isabel | 12/12/2020 | 12/12/2030 |  | Aguardando |  |" time="0"/>
  <testcase name="E usuário informa data_agendamento com o valor igual a &quot;&quot;" classname="| 1 | 1 | usucapião | Gilmar X Zaquel | S | S | Maria Isabel | 12/12/2020 | 12/12/2030 |  | Aguardando |  |" time="0.007"/>
  <testcase name="E usuário informa data_agendamento com o valor igual a &quot;&quot;" classname="| 1 | 1 | usucapião | Gilmar X Zaquel | S | S | Maria Isabel | 12/12/2020 | 12/12/2030 |  | Aguardando |  |" time="0"/>
  <testcase name="E usuário informa status com o valor igual a &quot;Aguardando&quot;" classname="| 1 | 1 | usucapião | Gilmar X Zaquel | S | S | Maria Isabel | 12/12/2020 | 12/12/2030 |  | Aguardando |  |" time="0"/>
  <testcase name="E usuário informa status com o valor igual a &quot;Aguardando&quot;" classname="| 1 | 1 | usucapião | Gilmar X Zaquel | S | S | Maria Isabel | 12/12/2020 | 12/12/2030 |  | Aguardando |  |" time="0"/>
  <testcase name="E usuário informa observacao com o valor igual a &quot;&quot;" classname="| 1 | 1 | usucapião | Gilmar X Zaquel | S | S | Maria Isabel | 12/12/2020 | 12/12/2030 |  | Aguardando |  |" time="0"/>
  <testcase name="E usuário informa observacao com o valor igual a &quot;&quot;" classname="| 1 | 1 | usucapião | Gilmar X Zaquel | S | S | Maria Isabel | 12/12/2020 | 12/12/2030 |  | Aguardando |  |" time="0"/>
  <testcase name="E usuário informa natureza  com o valor igual a &quot;usucapião&quot;" classname="| 1 | 1 | usucapião | Gilmar X Zaquel | S | S | Maria Isabel | 12/12/2020 | 12/12/2030 |  | Aguardando |  |" time="0"/>
  <testcase name="E usuário informa partes com o valor igual a &quot;Gilmar X Zaquel&quot;" classname="| 1 | 1 | usucapião | Gilmar X Zaquel | S | S | Maria Isabel | 12/12/2020 | 12/12/2030 |  | Aguardando |  |" time="0"/>
  <testcase name="E usuário informa urgente com o valor igual a &quot;S&quot;" classname="| 1 | 1 | usucapião | Gilmar X Zaquel | S | S | Maria Isabel | 12/12/2020 | 12/12/2030 |  | Aguardando |  |" time="0"/>
  <testcase name="E usuário informa assistente_social com o valor igual a &quot;Maria Isabel&quot;" classname="| 1 | 1 | usucapião | Gilmar X Zaquel | S | S | Maria Isabel | 12/12/2020 | 12/12/2030 |  | Aguardando |  |" time="0"/>
  <testcase name="E usuário informa data_saida com o valor igual a &quot;12/12/2030&quot;" classname="| 1 | 1 | usucapião | Gilmar X Zaquel | S | S | Maria Isabel | 12/12/2020 | 12/12/2030 |  | Aguardando |  |" time="0"/>
  <testcase name="Quando usuário clicar no botão de salvar" classname="| 1 | 1 | usucapião | Gilmar X Zaquel | S | S | Maria Isabel | 12/12/2020 | 12/12/2030 |  | Aguardando |  |" time="0"/>
  <testcase name="Entao o usuario deve ver a mensagem &quot;Usuário salvo com sucesso.&quot;" classname="| 1 | 1 | usucapião | Gilmar X Zaquel | S | S | Maria Isabel | 12/12/2020 | 12/12/2030 |  | Aguardando |  |" time="0"/>
  <testcase name="| 1 | 1 | usucapião | Gilmar X Zaquel | S | S | Maria Isabel | 12/12/2020 | 12/12/2030 |  | Aguardando |  |" classname="| 1 | 1 | usucapião | Gilmar X Zaquel | S | S | Maria Isabel | 12/12/2020 | 12/12/2030 |  | Aguardando |  |" time="0.001"/>
  <testcase name="Dado que o usuário gostaria de salvar um processo" classname="| 2 | 2 | Separação | Gedeão X Cleide | S | S | Moacir Lopes | 13/12/2020 | 13/12/2030 |  | Aguardando |  |" time="0"/>
  <testcase name="Dado que o usuário gostaria de salvar um processo" classname="| 2 | 2 | Separação | Gedeão X Cleide | S | S | Moacir Lopes | 13/12/2020 | 13/12/2030 |  | Aguardando |  |" time="0"/>
  <testcase name="E usuário informa vara com o valor igual a &quot;1&quot;" classname="| 2 | 2 | Separação | Gedeão X Cleide | S | S | Moacir Lopes | 13/12/2020 | 13/12/2030 |  | Aguardando |  |" time="0"/>
  <testcase name="E usuário informa numero_processo com o valor igual a &quot;1&quot;" classname="| 2 | 2 | Separação | Gedeão X Cleide | S | S | Moacir Lopes | 13/12/2020 | 13/12/2030 |  | Aguardando |  |" time="0"/>
  <testcase name="E usuário informa natureza  com o valor igual a &quot;Guarda&quot;" classname="| 2 | 2 | Separação | Gedeão X Cleide | S | S | Moacir Lopes | 13/12/2020 | 13/12/2030 |  | Aguardando |  |" time="0"/>
  <testcase name="E usuário informa partes com o valor igual a &quot;Pedro x Livia&quot;" classname="| 2 | 2 | Separação | Gedeão X Cleide | S | S | Moacir Lopes | 13/12/2020 | 13/12/2030 |  | Aguardando |  |" time="0"/>
  <testcase name="E usuário informa urgente com o valor igual a &quot;N&quot;" classname="| 2 | 2 | Separação | Gedeão X Cleide | S | S | Moacir Lopes | 13/12/2020 | 13/12/2030 |  | Aguardando |  |" time="0"/>
  <testcase name="E usuário informa arbitramento com o valor igual a &quot;S&quot;" classname="| 2 | 2 | Separação | Gedeão X Cleide | S | S | Moacir Lopes | 13/12/2020 | 13/12/2030 |  | Aguardando |  |" time="0"/>
  <testcase name="E usuário informa arbitramento com o valor igual a &quot;S&quot;" classname="| 2 | 2 | Separação | Gedeão X Cleide | S | S | Moacir Lopes | 13/12/2020 | 13/12/2030 |  | Aguardando |  |" time="0"/>
  <testcase name="E usuário informa assistente_social com o valor igual a &quot;Lorival&quot;" classname="| 2 | 2 | Separação | Gedeão X Cleide | S | S | Moacir Lopes | 13/12/2020 | 13/12/2030 |  | Aguardando |  |" time="0"/>
  <testcase name="E usuário informa data_entrada  com o valor igual a &quot;12/12/2020&quot;" classname="| 2 | 2 | Separação | Gedeão X Cleide | S | S | Moacir Lopes | 13/12/2020 | 13/12/2030 |  | Aguardando |  |" time="0"/>
  <testcase name="E usuário informa data_saida com o valor igual a &quot;&quot;" classname="| 2 | 2 | Separação | Gedeão X Cleide | S | S | Moacir Lopes | 13/12/2020 | 13/12/2030 |  | Aguardando |  |" time="0"/>
  <testcase name="E usuário informa data_agendamento com o valor igual a &quot;&quot;" classname="| 2 | 2 | Separação | Gedeão X Cleide | S | S | Moacir Lopes | 13/12/2020 | 13/12/2030 |  | Aguardando |  |" time="0"/>
  <testcase name="E usuário informa data_agendamento com o valor igual a &quot;&quot;" classname="| 2 | 2 | Separação | Gedeão X Cleide | S | S | Moacir Lopes | 13/12/2020 | 13/12/2030 |  | Aguardando |  |" time="0"/>
  <testcase name="E usuário informa status com o valor igual a &quot;Aguardando&quot;" classname="| 2 | 2 | Separação | Gedeão X Cleide | S | S | Moacir Lopes | 13/12/2020 | 13/12/2030 |  | Aguardando |  |" time="0"/>
  <testcase name="E usuário informa status com o valor igual a &quot;Aguardando&quot;" classname="| 2 | 2 | Separação | Gedeão X Cleide | S | S | Moacir Lopes | 13/12/2020 | 13/12/2030 |  | Aguardando |  |" time="0"/>
  <testcase name="E usuário informa observacao com o valor igual a &quot;&quot;" classname="| 2 | 2 | Separação | Gedeão X Cleide | S | S | Moacir Lopes | 13/12/2020 | 13/12/2030 |  | Aguardando |  |" time="0"/>
  <testcase name="E usuário informa observacao com o valor igual a &quot;&quot;" classname="| 2 | 2 | Separação | Gedeão X Cleide | S | S | Moacir Lopes | 13/12/2020 | 13/12/2030 |  | Aguardando |  |" time="0.005"/>
  <testcase name="E usuário informa vara com o valor igual a &quot;2&quot;" classname="| 2 | 2 | Separação | Gedeão X Cleide | S | S | Moacir Lopes | 13/12/2020 | 13/12/2030 |  | Aguardando |  |" time="0"/>
  <testcase name="E usuário informa numero_processo com o valor igual a &quot;2&quot;" classname="| 2 | 2 | Separação | Gedeão X Cleide | S | S | Moacir Lopes | 13/12/2020 | 13/12/2030 |  | Aguardando |  |" time="0"/>
  <testcase name="E usuário informa natureza  com o valor igual a &quot;Separação&quot;" classname="| 2 | 2 | Separação | Gedeão X Cleide | S | S | Moacir Lopes | 13/12/2020 | 13/12/2030 |  | Aguardando |  |" time="0"/>
  <testcase name="E usuário informa partes com o valor igual a &quot;Gedeão X Cleide&quot;" classname="| 2 | 2 | Separação | Gedeão X Cleide | S | S | Moacir Lopes | 13/12/2020 | 13/12/2030 |  | Aguardando |  |" time="0"/>
  <testcase name="E usuário informa urgente com o valor igual a &quot;S&quot;" classname="| 2 | 2 | Separação | Gedeão X Cleide | S | S | Moacir Lopes | 13/12/2020 | 13/12/2030 |  | Aguardando |  |" time="0"/>
  <testcase name="E usuário informa assistente_social com o valor igual a &quot;Moacir Lopes&quot;" classname="| 2 | 2 | Separação | Gedeão X Cleide | S | S | Moacir Lopes | 13/12/2020 | 13/12/2030 |  | Aguardando |  |" time="0"/>
  <testcase name="E usuário informa data_entrada  com o valor igual a &quot;13/12/2020&quot;" classname="| 2 | 2 | Separação | Gedeão X Cleide | S | S | Moacir Lopes | 13/12/2020 | 13/12/2030 |  | Aguardando |  |" time="0"/>
  <testcase name="E usuário informa data_saida com o valor igual a &quot;13/12/2030&quot;" classname="| 2 | 2 | Separação | Gedeão X Cleide | S | S | Moacir Lopes | 13/12/2020 | 13/12/2030 |  | Aguardando |  |" time="0"/>
  <testcase name="Quando usuário clicar no botão de salvar" classname="| 2 | 2 | Separação | Gedeão X Cleide | S | S | Moacir Lopes | 13/12/2020 | 13/12/2030 |  | Aguardando |  |" time="0"/>
  <testcase name="Entao o usuario deve ver a mensagem &quot;Usuário salvo com sucesso.&quot;" classname="| 2 | 2 | Separação | Gedeão X Cleide | S | S | Moacir Lopes | 13/12/2020 | 13/12/2030 |  | Aguardando |  |" time="0"/>
  <testcase name="| 2 | 2 | Separação | Gedeão X Cleide | S | S | Moacir Lopes | 13/12/2020 | 13/12/2030 |  | Aguardando |  |" classname="| 2 | 2 | Separação | Gedeão X Cleide | S | S | Moacir Lopes | 13/12/2020 | 13/12/2030 |  | Aguardando |  |" time="0"/>
</testsuite>